This is pdfTeX, Version 3.141592653-2.6-1.40.24 (MiKTeX 22.1) (preloaded format=pdflatex 2022.3.6)  6 MAR 2022 18:20
entering extended mode
 restricted \write18 enabled.
 %&-line parsing enabled.
**./00_htwsaar-i-mst-vorlage.tex
(00_htwsaar-i-mst-vorlage.tex
LaTeX2e <2021-11-15> patch level 1
L3 programming layer <2022-01-21>
(C:\Users\yaljazairi\AppData\Local\Programs\MiKTeX\tex/latex/koma-script\scrrep
rt.cls
Document Class: scrreprt 2021/11/13 v3.35 KOMA-Script document class (report)

(C:\Users\yaljazairi\AppData\Local\Programs\MiKTeX\tex/latex/koma-script\scrkba
se.sty
Package: scrkbase 2021/11/13 v3.35 KOMA-Script package (KOMA-Script-dependent b
asics and keyval usage)

(C:\Users\yaljazairi\AppData\Local\Programs\MiKTeX\tex/latex/koma-script\scrbas
e.sty
Package: scrbase 2021/11/13 v3.35 KOMA-Script package (KOMA-Script-independent 
basics and keyval usage)

(C:\Users\yaljazairi\AppData\Local\Programs\MiKTeX\tex/latex/koma-script\scrlfi
le.sty
Package: scrlfile 2021/11/13 v3.35 KOMA-Script package (file load hooks)

(C:\Users\yaljazairi\AppData\Local\Programs\MiKTeX\tex/latex/koma-script\scrlfi
le-hook.sty
Package: scrlfile-hook 2021/11/13 v3.35 KOMA-Script package (using LaTeX hooks)


(C:\Users\yaljazairi\AppData\Local\Programs\MiKTeX\tex/latex/koma-script\scrlog
o.sty
Package: scrlogo 2021/11/13 v3.35 KOMA-Script package (logo)
)))
(C:\Users\yaljazairi\AppData\Local\Programs\MiKTeX\tex/latex/graphics\keyval.st
y
Package: keyval 2014/10/28 v1.15 key=value parser (DPC)
\KV@toks@=\toks16
)
Applying: [2021/05/01] Usage of raw or classic option list on input line 252.
Already applied: [0000/00/00] Usage of raw or classic option list on input line
 368.
))
(C:\Users\yaljazairi\AppData\Local\Programs\MiKTeX\tex/latex/koma-script\tocbas
ic.sty
Package: tocbasic 2021/11/13 v3.35 KOMA-Script package (handling toc-files)
\scr@dte@tocline@numberwidth=\skip47
\scr@dte@tocline@numbox=\box50
)
Package tocbasic Info: babel extension for `toc' omitted
(tocbasic)             because of missing \bbl@set@language on input line 137.
Class scrreprt Info: You've used standard option `openright'.
(scrreprt)           This is correct!
(scrreprt)           Internally I'm using `open=right'.
(scrreprt)           If you'd like to set the option with \KOMAoptions,
(scrreprt)           you'd have to use `open=right' there
(scrreprt)           instead of `openright', too.
Class scrreprt Info: File `scrsize12pt.clo' used to setup font sizes on input l
ine 2487.

(C:\Users\yaljazairi\AppData\Local\Programs\MiKTeX\tex/latex/koma-script\scrsiz
e12pt.clo
File: scrsize12pt.clo 2021/11/13 v3.35 KOMA-Script font size class option (12pt
)
)
(C:\Users\yaljazairi\AppData\Local\Programs\MiKTeX\tex/latex/koma-script\typear
ea.sty
Package: typearea 2021/11/13 v3.35 KOMA-Script package (type area)
\ta@bcor=\skip48
\ta@div=\count185
\ta@hblk=\skip49
\ta@vblk=\skip50
\ta@temp=\skip51
\footheight=\skip52
Package typearea Info: These are the values describing the layout:
(typearea)             DIV  = 12
(typearea)             BCOR = 14.22636pt
(typearea)             \paperwidth      = 597.50793pt
(typearea)              \textwidth      = 437.46118pt
(typearea)              DIV departure   = -3%
(typearea)              \evensidemargin = 24.9436pt
(typearea)              \oddsidemargin  = -9.43683pt
(typearea)             \paperheight     = 845.04694pt
(typearea)              \textheight     = 548.5pt
(typearea)              \topmargin      = -1.84941pt
(typearea)              \headheight     = 15.95009pt
(typearea)              \headsep        = 21.75pt
(typearea)              \topskip        = 12.0pt
(typearea)              \footskip       = 50.75pt
(typearea)              \baselineskip   = 14.5pt
(typearea)              on input line 1743.
)
\c@part=\count186
\c@chapter=\count187
\c@section=\count188
\c@subsection=\count189
\c@subsubsection=\count190
\c@paragraph=\count191
\c@subparagraph=\count192
\scr@dte@chapter@maxnumwidth=\skip53
Class scrreprt Info: using compatibility default `afterindent=bysign'
(scrreprt)           for `\chapter on input line 5717.
\scr@dte@section@maxnumwidth=\skip54
Class scrreprt Info: using compatibility default `runin=bysign'
(scrreprt)           for `\section on input line 5728.
Class scrreprt Info: using compatibility default `afterindent=bysign'
(scrreprt)           for `\section on input line 5728.
\scr@dte@part@maxnumwidth=\skip55
Class scrreprt Info: using compatibility default `afterindent=true'
(scrreprt)           for `\part on input line 5737.
\scr@dte@subsection@maxnumwidth=\skip56
Class scrreprt Info: using compatibility default `runin=bysign'
(scrreprt)           for `\subsection on input line 5747.
Class scrreprt Info: using compatibility default `afterindent=bysign'
(scrreprt)           for `\subsection on input line 5747.
\scr@dte@subsubsection@maxnumwidth=\skip57
Class scrreprt Info: using compatibility default `runin=bysign'
(scrreprt)           for `\subsubsection on input line 5757.
Class scrreprt Info: using compatibility default `afterindent=bysign'
(scrreprt)           for `\subsubsection on input line 5757.
\scr@dte@paragraph@maxnumwidth=\skip58
Class scrreprt Info: using compatibility default `runin=bysign'
(scrreprt)           for `\paragraph on input line 5768.
Class scrreprt Info: using compatibility default `afterindent=bysign'
(scrreprt)           for `\paragraph on input line 5768.
\scr@dte@subparagraph@maxnumwidth=\skip59
Class scrreprt Info: using compatibility default `runin=bysign'
(scrreprt)           for `\subparagraph on input line 5778.
Class scrreprt Info: using compatibility default `afterindent=bysign'
(scrreprt)           for `\subparagraph on input line 5778.
\abovecaptionskip=\skip60
\belowcaptionskip=\skip61
\c@pti@nb@sid@b@x=\box51
Package tocbasic Info: babel extension for `lof' omitted
(tocbasic)             because of missing \bbl@set@language on input line 6958.

\scr@dte@figure@maxnumwidth=\skip62
\c@figure=\count193
Package tocbasic Info: babel extension for `lot' omitted
(tocbasic)             because of missing \bbl@set@language on input line 6974.

\scr@dte@table@maxnumwidth=\skip63
\c@table=\count194
Class scrreprt Info: Redefining `\numberline' on input line 7142.
\bibindent=\dimen138
) (01_pers-daten.tex) (Config/htwsaar-i-mst-config.tex
(C:\Users\yaljazairi\AppData\Local\Programs\MiKTeX\tex/latex/base\inputenc.sty
Package: inputenc 2021/02/14 v1.3d Input encoding file
\inpenc@prehook=\toks17
\inpenc@posthook=\toks18
)
   defining Unicode char U+00A0 (decimal 160)
(C:\Users\yaljazairi\AppData\Local\Programs\MiKTeX\tex/latex/base\fontenc.sty
Package: fontenc 2021/04/29 v2.0v Standard LaTeX package
)
\c@dummy=\count195

(C:\Users\yaljazairi\AppData\Local\Programs\MiKTeX\tex/generic/babel\babel.sty
Package: babel 2021/12/30 3.69 The Babel package
\babel@savecnt=\count196
\U@D=\dimen139
\l@unhyphenated=\language84

(C:\Users\yaljazairi\AppData\Local\Programs\MiKTeX\tex/generic/babel\txtbabel.d
ef)
\bbl@readstream=\read2
\bbl@dirlevel=\count197

*************************************
* Local config file bblopts.cfg used
*
(C:\Users\yaljazairi\AppData\Local\Programs\MiKTeX\tex/latex/arabi\bblopts.cfg
File: bblopts.cfg 2005/09/08 v0.1 add Arabic and Farsi to "declared" options of
 babel
)
(C:\Users\yaljazairi\AppData\Local\Programs\MiKTeX\tex/latex/babel-german\ngerm
an.ldf
Language: ngerman 2021/02/27 v2.13 German support for babel (post-1996 orthogra
phy)

(C:\Users\yaljazairi\AppData\Local\Programs\MiKTeX\tex/latex/babel-german\ngerm
anb.ldf
Language: ngermanb 2021/02/27 v2.13 German support for babel (post-1996 orthogr
aphy)
Package babel Info: Making " an active character on input line 122.
)))
(C:\Users\yaljazairi\AppData\Local\Programs\MiKTeX\tex/latex/csquotes\csquotes.
sty
Package: csquotes 2021-02-22 v5.2l context-sensitive quotations (JAW)

(C:\Users\yaljazairi\AppData\Local\Programs\MiKTeX\tex/latex/etoolbox\etoolbox.
sty
Package: etoolbox 2020/10/05 v2.5k e-TeX tools for LaTeX (JAW)
\etb@tempcnta=\count198
)
\csq@reset=\count199
\csq@gtype=\count266
\csq@glevel=\count267
\csq@qlevel=\count268
\csq@maxlvl=\count269
\csq@tshold=\count270
\csq@ltx@everypar=\toks19

(C:\Users\yaljazairi\AppData\Local\Programs\MiKTeX\tex/latex/csquotes\csquotes.
def
File: csquotes.def 2021-02-22 v5.2l csquotes generic definitions (JAW)
)
Package csquotes Info: Trying to load configuration file 'csquotes.cfg'...
Package csquotes Info: ... configuration file loaded successfully.

(C:\Users\yaljazairi\AppData\Local\Programs\MiKTeX\tex/latex/csquotes\csquotes.
cfg
File: csquotes.cfg 
))
(C:\Users\yaljazairi\AppData\Local\Programs\MiKTeX\tex/latex/biblatex\biblatex.
sty
Package: biblatex 2020/12/31 v3.16 programmable bibliographies (PK/MW)

(C:\Users\yaljazairi\AppData\Local\Programs\MiKTeX\tex/generic/pdftexcmds\pdfte
xcmds.sty
Package: pdftexcmds 2020-06-27 v0.33 Utility functions of pdfTeX for LuaTeX (HO
)

(C:\Users\yaljazairi\AppData\Local\Programs\MiKTeX\tex/generic/infwarerr\infwar
err.sty
Package: infwarerr 2019/12/03 v1.5 Providing info/warning/error messages (HO)
)
(C:\Users\yaljazairi\AppData\Local\Programs\MiKTeX\tex/generic/iftex\iftex.sty
Package: iftex 2020/03/06 v1.0d TeX engine tests
)
(C:\Users\yaljazairi\AppData\Local\Programs\MiKTeX\tex/generic/ltxcmds\ltxcmds.
sty
Package: ltxcmds 2020-05-10 v1.25 LaTeX kernel commands for general use (HO)
)
Package pdftexcmds Info: \pdf@primitive is available.
Package pdftexcmds Info: \pdf@ifprimitive is available.
Package pdftexcmds Info: \pdfdraftmode found.
)
(C:\Users\yaljazairi\AppData\Local\Programs\MiKTeX\tex/latex/kvoptions\kvoption
s.sty
Package: kvoptions 2020-10-07 v3.14 Key value format for package options (HO)

(C:\Users\yaljazairi\AppData\Local\Programs\MiKTeX\tex/generic/kvsetkeys\kvsetk
eys.sty
Package: kvsetkeys 2019/12/15 v1.18 Key value parser (HO)
))
(C:\Users\yaljazairi\AppData\Local\Programs\MiKTeX\tex/latex/logreq\logreq.sty
Package: logreq 2010/08/04 v1.0 xml request logger
\lrq@indent=\count271

(C:\Users\yaljazairi\AppData\Local\Programs\MiKTeX\tex/latex/logreq\logreq.def
File: logreq.def 2010/08/04 v1.0 logreq spec v1.0
)) (C:\Users\yaljazairi\AppData\Local\Programs\MiKTeX\tex/latex/base\ifthen.sty
Package: ifthen 2020/11/24 v1.1c Standard LaTeX ifthen package (DPC)
) (C:\Users\yaljazairi\AppData\Local\Programs\MiKTeX\tex/latex/url\url.sty
\Urlmuskip=\muskip16
Package: url 2013/09/16  ver 3.4  Verb mode for urls, etc.
)
\c@tabx@nest=\count272
\c@listtotal=\count273
\c@listcount=\count274
\c@liststart=\count275
\c@liststop=\count276
\c@citecount=\count277
\c@citetotal=\count278
\c@multicitecount=\count279
\c@multicitetotal=\count280
\c@instcount=\count281
\c@maxnames=\count282
\c@minnames=\count283
\c@maxitems=\count284
\c@minitems=\count285
\c@citecounter=\count286
\c@maxcitecounter=\count287
\c@savedcitecounter=\count288
\c@uniquelist=\count289
\c@uniquename=\count290
\c@refsection=\count291
\c@refsegment=\count292
\c@maxextratitle=\count293
\c@maxextratitleyear=\count294
\c@maxextraname=\count295
\c@maxextradate=\count296
\c@maxextraalpha=\count297
\c@abbrvpenalty=\count298
\c@highnamepenalty=\count299
\c@lownamepenalty=\count300
\c@maxparens=\count301
\c@parenlevel=\count302
\blx@tempcnta=\count303
\blx@tempcntb=\count304
\blx@tempcntc=\count305
\blx@maxsection=\count306
\blx@maxsegment@0=\count307
\blx@notetype=\count308
\blx@parenlevel@text=\count309
\blx@parenlevel@foot=\count310
\blx@sectionciteorder@0=\count311
\blx@entrysetcounter=\count312
\blx@biblioinstance=\count313
\labelnumberwidth=\skip64
\labelalphawidth=\skip65
\biblabelsep=\skip66
\bibitemsep=\skip67
\bibnamesep=\skip68
\bibinitsep=\skip69
\bibparsep=\skip70
\bibhang=\skip71
\blx@bcfin=\read3
\blx@bcfout=\write3
\blx@langwohyphens=\language85
\c@mincomprange=\count314
\c@maxcomprange=\count315
\c@mincompwidth=\count316
Package biblatex Info: Trying to load biblatex default data model...
Package biblatex Info: ... file 'blx-dm.def' found.

(C:\Users\yaljazairi\AppData\Local\Programs\MiKTeX\tex/latex/biblatex\blx-dm.de
f
File: blx-dm.def 2020/12/31 v3.16 biblatex localization (PK/MW)
)
Package biblatex Info: Trying to load biblatex style data model...
Package biblatex Info: ... file 'numeric-comp.dbx' not found.
Package biblatex Info: Trying to load biblatex custom data model...
Package biblatex Info: ... file 'biblatex-dm.cfg' not found.
\c@afterword=\count317
\c@savedafterword=\count318
\c@annotator=\count319
\c@savedannotator=\count320
\c@author=\count321
\c@savedauthor=\count322
\c@bookauthor=\count323
\c@savedbookauthor=\count324
\c@commentator=\count325
\c@savedcommentator=\count326
\c@editor=\count327
\c@savededitor=\count328
\c@editora=\count329
\c@savededitora=\count330
\c@editorb=\count331
\c@savededitorb=\count332
\c@editorc=\count333
\c@savededitorc=\count334
\c@foreword=\count335
\c@savedforeword=\count336
\c@holder=\count337
\c@savedholder=\count338
\c@introduction=\count339
\c@savedintroduction=\count340
\c@namea=\count341
\c@savednamea=\count342
\c@nameb=\count343
\c@savednameb=\count344
\c@namec=\count345
\c@savednamec=\count346
\c@translator=\count347
\c@savedtranslator=\count348
\c@shortauthor=\count349
\c@savedshortauthor=\count350
\c@shorteditor=\count351
\c@savedshorteditor=\count352
\c@labelname=\count353
\c@savedlabelname=\count354
\c@institution=\count355
\c@savedinstitution=\count356
\c@lista=\count357
\c@savedlista=\count358
\c@listb=\count359
\c@savedlistb=\count360
\c@listc=\count361
\c@savedlistc=\count362
\c@listd=\count363
\c@savedlistd=\count364
\c@liste=\count365
\c@savedliste=\count366
\c@listf=\count367
\c@savedlistf=\count368
\c@location=\count369
\c@savedlocation=\count370
\c@organization=\count371
\c@savedorganization=\count372
\c@origlocation=\count373
\c@savedoriglocation=\count374
\c@origpublisher=\count375
\c@savedorigpublisher=\count376
\c@publisher=\count377
\c@savedpublisher=\count378
\c@language=\count379
\c@savedlanguage=\count380
\c@origlanguage=\count381
\c@savedoriglanguage=\count382
\c@pageref=\count383
\c@savedpageref=\count384
\shorthandwidth=\skip72
\shortjournalwidth=\skip73
\shortserieswidth=\skip74
\shorttitlewidth=\skip75
\shortauthorwidth=\skip76
\shorteditorwidth=\skip77
\locallabelnumberwidth=\skip78
\locallabelalphawidth=\skip79
\localshorthandwidth=\skip80
\localshortjournalwidth=\skip81
\localshortserieswidth=\skip82
\localshorttitlewidth=\skip83
\localshortauthorwidth=\skip84
\localshorteditorwidth=\skip85
Package biblatex Info: Trying to load compatibility code...
Package biblatex Info: ... file 'blx-compat.def' found.

(C:\Users\yaljazairi\AppData\Local\Programs\MiKTeX\tex/latex/biblatex\blx-compa
t.def
File: blx-compat.def 2020/12/31 v3.16 biblatex compatibility (PK/MW)
)
Package biblatex Info: Trying to load BibTeX backend compatibility...
Package biblatex Info: ... file 'blx-bibtex.def' found.

(C:\Users\yaljazairi\AppData\Local\Programs\MiKTeX\tex/latex/biblatex\blx-bibte
x.def
File: blx-bibtex.def 2020/12/31 v3.16 biblatex compatibility (PK/MW)


Package biblatex Warning: Using fall-back BibTeX(8) backend:
(biblatex)                functionality may be reduced/unavailable.

)
Package biblatex Info: Trying to load generic definitions...
Package biblatex Info: ... file 'biblatex.def' found.

(C:\Users\yaljazairi\AppData\Local\Programs\MiKTeX\tex/latex/biblatex\biblatex.
def
File: biblatex.def 2020/12/31 v3.16 biblatex compatibility (PK/MW)
\c@textcitecount=\count385
\c@textcitetotal=\count386
\c@textcitemaxnames=\count387
\c@biburlbigbreakpenalty=\count388
\c@biburlbreakpenalty=\count389
\c@biburlnumpenalty=\count390
\c@biburlucpenalty=\count391
\c@biburllcpenalty=\count392
\biburlbigskip=\muskip17
\biburlnumskip=\muskip18
\biburlucskip=\muskip19
\biburllcskip=\muskip20
\c@smartand=\count393
)
Package biblatex Info: Trying to load bibliography style 'numeric-comp'...
Package biblatex Info: ... file 'numeric-comp.bbx' found.

(C:\Users\yaljazairi\AppData\Local\Programs\MiKTeX\tex/latex/biblatex/bbx\numer
ic-comp.bbx
File: numeric-comp.bbx 2020/12/31 v3.16 biblatex bibliography style (PK/MW)
Package biblatex Info: Trying to load bibliography style 'numeric'...
Package biblatex Info: ... file 'numeric.bbx' found.

(C:\Users\yaljazairi\AppData\Local\Programs\MiKTeX\tex/latex/biblatex/bbx\numer
ic.bbx
File: numeric.bbx 2020/12/31 v3.16 biblatex bibliography style (PK/MW)
Package biblatex Info: Trying to load bibliography style 'standard'...
Package biblatex Info: ... file 'standard.bbx' found.

(C:\Users\yaljazairi\AppData\Local\Programs\MiKTeX\tex/latex/biblatex/bbx\stand
ard.bbx
File: standard.bbx 2020/12/31 v3.16 biblatex bibliography style (PK/MW)
\c@bbx:relatedcount=\count394
\c@bbx:relatedtotal=\count395
)))
Package biblatex Info: Trying to load citation style 'numeric-comp'...
Package biblatex Info: ... file 'numeric-comp.cbx' found.

(C:\Users\yaljazairi\AppData\Local\Programs\MiKTeX\tex/latex/biblatex/cbx\numer
ic-comp.cbx
File: numeric-comp.cbx 2020/12/31 v3.16 biblatex citation style (PK/MW)
\c@cbx@tempcnta=\count396
\c@cbx@tempcntb=\count397
\c@cbx@tempcntc=\count398
\c@cbx@tempcntd=\count399
Package biblatex Info: Redefining '\cite'.
Package biblatex Info: Redefining '\parencite'.
Package biblatex Info: Redefining '\footcite'.
Package biblatex Info: Redefining '\footcitetext'.
Package biblatex Info: Redefining '\smartcite'.
Package biblatex Info: Redefining '\supercite'.
Package biblatex Info: Redefining '\textcite'.
Package biblatex Info: Redefining '\textcites'.
Package biblatex Info: Redefining '\cites'.
Package biblatex Info: Redefining '\parencites'.
Package biblatex Info: Redefining '\smartcites'.
)
Package biblatex Info: Trying to load configuration file...
Package biblatex Info: ... file 'biblatex.cfg' found.

(C:\Users\yaljazairi\AppData\Local\Programs\MiKTeX\tex/latex/biblatex\biblatex.
cfg
File: biblatex.cfg 
))
(C:\Users\yaljazairi\AppData\Local\Programs\MiKTeX\tex/latex/amsmath\amsmath.st
y
Package: amsmath 2021/10/15 v2.17l AMS math features
\@mathmargin=\skip86

For additional information on amsmath, use the `?' option.

(C:\Users\yaljazairi\AppData\Local\Programs\MiKTeX\tex/latex/amsmath\amstext.st
y
Package: amstext 2021/08/26 v2.01 AMS text

(C:\Users\yaljazairi\AppData\Local\Programs\MiKTeX\tex/latex/amsmath\amsgen.sty
File: amsgen.sty 1999/11/30 v2.0 generic functions
\@emptytoks=\toks20
\ex@=\dimen140
))
(C:\Users\yaljazairi\AppData\Local\Programs\MiKTeX\tex/latex/amsmath\amsbsy.sty
Package: amsbsy 1999/11/29 v1.2d Bold Symbols
\pmbraise@=\dimen141
)
(C:\Users\yaljazairi\AppData\Local\Programs\MiKTeX\tex/latex/amsmath\amsopn.sty
Package: amsopn 2021/08/26 v2.02 operator names
)
\inf@bad=\count400
LaTeX Info: Redefining \frac on input line 234.
\uproot@=\count401
\leftroot@=\count402
LaTeX Info: Redefining \overline on input line 399.
\classnum@=\count403
\DOTSCASE@=\count404
LaTeX Info: Redefining \ldots on input line 496.
LaTeX Info: Redefining \dots on input line 499.
LaTeX Info: Redefining \cdots on input line 620.
\Mathstrutbox@=\box52
\strutbox@=\box53
\big@size=\dimen142
LaTeX Font Info:    Redeclaring font encoding OML on input line 743.
LaTeX Font Info:    Redeclaring font encoding OMS on input line 744.
\macc@depth=\count405
\c@MaxMatrixCols=\count406
\dotsspace@=\muskip21
\c@parentequation=\count407
\dspbrk@lvl=\count408
\tag@help=\toks21
\row@=\count409
\column@=\count410
\maxfields@=\count411
\andhelp@=\toks22
\eqnshift@=\dimen143
\alignsep@=\dimen144
\tagshift@=\dimen145
\tagwidth@=\dimen146
\totwidth@=\dimen147
\lineht@=\dimen148
\@envbody=\toks23
\multlinegap=\skip87
\multlinetaggap=\skip88
\mathdisplay@stack=\toks24
LaTeX Info: Redefining \[ on input line 2938.
LaTeX Info: Redefining \] on input line 2939.
)
(C:\Users\yaljazairi\AppData\Local\Programs\MiKTeX\tex/latex/setspace\setspace.
sty
Package: setspace 2011/12/19 v6.7a set line spacing
)
Package typearea Info: These are the values describing the layout:
(typearea)             DIV  = 12
(typearea)             BCOR = 14.22636pt
(typearea)             \paperwidth      = 597.50793pt
(typearea)              \textwidth      = 437.46118pt
(typearea)              DIV departure   = -3%
(typearea)              \evensidemargin = 24.9436pt
(typearea)              \oddsidemargin  = -9.43683pt
(typearea)             \paperheight     = 845.04694pt
(typearea)              \textheight     = 533.83937pt
(typearea)              \topmargin      = -1.84941pt
(typearea)              \headheight     = 19.794pt
(typearea)              \headsep        = 26.99168pt
(typearea)              \topskip        = 12.0pt
(typearea)              \footskip       = 62.9806pt
(typearea)              \baselineskip   = 17.99446pt
(typearea)              on input line 42.

(C:\Users\yaljazairi\AppData\Local\Programs\MiKTeX\tex/latex/anysize\anysize.st
y
Package: anysize 1994/08/13 setting margin sizes

document style option `anysize' loaded
Michael Salzenberg, Thomas Esser, Dirk Hillbrecht
Version 1.0, Aug 13, 1994
\@Leftmargin=\dimen149
\@Rightmargin=\dimen150
\@Topmargin=\dimen151
\@Bottommargin=\dimen152
)
(C:\Users\yaljazairi\AppData\Local\Programs\MiKTeX\tex/latex/koma-script\scrlay
er-scrpage.sty
Package: scrlayer-scrpage 2021/11/13 v3.35 KOMA-Script package (end user interf
ace for scrlayer)

(C:\Users\yaljazairi\AppData\Local\Programs\MiKTeX\tex/latex/koma-script\scrlay
er.sty
Package: scrlayer 2021/11/13 v3.35 KOMA-Script package (defining layers and pag
e styles)
Package scrlayer Info: Using already defined \footheight
(scrlayer)             hoping, that this is a length and
(scrlayer)             not only a macro on input line 136.
Package scrlayer Info: patching LaTeX kernel macro \pagestyle on input line 216
2.
)
Package scrlayer-scrpage Info: Makeing stand-alone element `pagehead' from
(scrlayer-scrpage)             alias to `pageheadfoot' on input line 1085.
Package scrlayer-scrpage Info: deactivating warning for font element
(scrlayer-scrpage)             `pagefoot' on input line 1109.
)
Package scrlayer-scrpage Info: auto-selection of `pagestyleset=KOMA-Script'.

1: section
1: chapter
1: chapter
1: section
(C:\Users\yaljazairi\AppData\Local\Programs\MiKTeX\tex/latex/xcolor\xcolor.sty
Package: xcolor 2021/10/31 v2.13 LaTeX color extensions (UK)

(C:\Users\yaljazairi\AppData\Local\Programs\MiKTeX\tex/latex/graphics-cfg\color
.cfg
File: color.cfg 2016/01/02 v1.6 sample color configuration
)
Package xcolor Info: Driver file: pdftex.def on input line 227.

(C:\Users\yaljazairi\AppData\Local\Programs\MiKTeX\tex/latex/graphics-def\pdfte
x.def
File: pdftex.def 2020/10/05 v1.2a Graphics/color driver for pdftex
)
Package xcolor Info: Model `cmy' substituted by `cmy0' on input line 1352.
Package xcolor Info: Model `hsb' substituted by `rgb' on input line 1356.
Package xcolor Info: Model `RGB' extended on input line 1368.
Package xcolor Info: Model `HTML' substituted by `rgb' on input line 1370.
Package xcolor Info: Model `Hsb' substituted by `hsb' on input line 1371.
Package xcolor Info: Model `tHsb' substituted by `hsb' on input line 1372.
Package xcolor Info: Model `HSB' substituted by `hsb' on input line 1373.
Package xcolor Info: Model `Gray' substituted by `gray' on input line 1374.
Package xcolor Info: Model `wave' substituted by `hsb' on input line 1375.

(C:\Users\yaljazairi\AppData\Local\Programs\MiKTeX\tex/latex/graphics\dvipsnam.
def
File: dvipsnam.def 2016/06/17 v3.0m Driver-dependent file (DPC,SPQR)
))
(C:\Users\yaljazairi\AppData\Local\Programs\MiKTeX\tex/latex/base\textcomp.sty
Package: textcomp 2020/02/02 v2.0n Standard LaTeX package
)
(C:\Users\yaljazairi\AppData\Local\Programs\MiKTeX\tex/latex/koma-script\scrhac
k.sty
Package: scrhack 2021/11/13 v3.35 KOMA-Script package (hacking other packages)

(C:\Users\yaljazairi\AppData\Local\Programs\MiKTeX\tex/latex/xpatch\xpatch.sty
(C:\Users\yaljazairi\AppData\Local\Programs\MiKTeX\tex/latex/l3kernel\expl3.sty
Package: expl3 2022-01-21 L3 programming layer (loader) 

(C:\Users\yaljazairi\AppData\Local\Programs\MiKTeX\tex/latex/l3backend\l3backen
d-pdftex.def
File: l3backend-pdftex.def 2022-01-12 L3 backend support: PDF output (pdfTeX)
\l__color_backend_stack_int=\count412
\l__pdf_internal_box=\box54
))
Package: xpatch 2020/03/25 v0.3a Extending etoolbox patching commands

(C:\Users\yaljazairi\AppData\Local\Programs\MiKTeX\tex/latex/l3packages/xparse\
xparse.sty
Package: xparse 2022-01-12 L3 Experimental document command parser
))
Package scrhack Info: loading setspace hack on input line 199.

(C:\Users\yaljazairi\AppData\Local\Programs\MiKTeX\tex/latex/koma-script\setspa
ce.hak
File: setspace.hak 2021/11/13 v3.35 KOMA-Script scrhack part (hacking package s
etspace)
))
(C:\Users\yaljazairi\AppData\Local\Programs\MiKTeX\tex/latex/tools\xspace.sty
Package: xspace 2014/10/28 v1.13 Space after command names (DPC,MH)
)
(C:\Users\yaljazairi\AppData\Local\Programs\MiKTeX\tex/latex/mparhack\mparhack.
sty
Package: mparhack 2021-05-02 v1.5 (T. Sgouros and S. Ulrich)
)
(C:\Users\yaljazairi\AppData\Local\Programs\MiKTeX\tex/latex/acronym\acronym.st
y
Package: acronym 2020/04/17 v1.47 Support for acronyms (Tobias Oetiker)

(C:\Users\yaljazairi\AppData\Local\Programs\MiKTeX\tex/latex/bigfoot\suffix.sty
Package: suffix 2006/07/15 1.5a Variant command support
)
(C:\Users\yaljazairi\AppData\Local\Programs\MiKTeX\tex/latex/xstring\xstring.st
y
(C:\Users\yaljazairi\AppData\Local\Programs\MiKTeX\tex/generic/xstring\xstring.
tex
\integerpart=\count413
\decimalpart=\count414
)
Package: xstring 2021/07/21 v1.84 String manipulations (CT)
)
\AC@clearlist=\toks25
)
(C:\Users\yaljazairi\AppData\Local\Programs\MiKTeX\tex/latex/booktabs\booktabs.
sty
Package: booktabs 2020/01/12 v1.61803398 Publication quality tables
\heavyrulewidth=\dimen153
\lightrulewidth=\dimen154
\cmidrulewidth=\dimen155
\belowrulesep=\dimen156
\belowbottomsep=\dimen157
\aboverulesep=\dimen158
\abovetopsep=\dimen159
\cmidrulesep=\dimen160
\cmidrulekern=\dimen161
\defaultaddspace=\dimen162
\@cmidla=\count415
\@cmidlb=\count416
\@aboverulesep=\dimen163
\@belowrulesep=\dimen164
\@thisruleclass=\count417
\@lastruleclass=\count418
\@thisrulewidth=\dimen165
)
(C:\Users\yaljazairi\AppData\Local\Programs\MiKTeX\tex/latex/multirow\multirow.
sty
Package: multirow 2021/03/15 v2.8 Span multiple rows of a table
\multirow@colwidth=\skip89
\multirow@cntb=\count419
\multirow@dima=\skip90
\bigstrutjot=\dimen166
)
(C:\Users\yaljazairi\AppData\Local\Programs\MiKTeX\tex/latex/todonotes\todonote
s.sty
Package: todonotes 2021/06/04 v1.1.5 Todonotes source and documentation.
Package: todonotes 2021/06/04

(C:\Users\yaljazairi\AppData\Local\Programs\MiKTeX\tex/latex/xkeyval\xkeyval.st
y
Package: xkeyval 2020/11/20 v2.8 package option processing (HA)

(C:\Users\yaljazairi\AppData\Local\Programs\MiKTeX\tex/generic/xkeyval\xkeyval.
tex
(C:\Users\yaljazairi\AppData\Local\Programs\MiKTeX\tex/generic/xkeyval\xkvutils
.tex
\XKV@toks=\toks26
\XKV@tempa@toks=\toks27
)
\XKV@depth=\count420
File: xkeyval.tex 2014/12/03 v2.7a key=value parser (HA)
))
(C:\Users\yaljazairi\AppData\Local\Programs\MiKTeX\tex/latex/pgf/frontendlayer\
tikz.sty
(C:\Users\yaljazairi\AppData\Local\Programs\MiKTeX\tex/latex/pgf/basiclayer\pgf
.sty
(C:\Users\yaljazairi\AppData\Local\Programs\MiKTeX\tex/latex/pgf/utilities\pgfr
cs.sty
(C:\Users\yaljazairi\AppData\Local\Programs\MiKTeX\tex/generic/pgf/utilities\pg
futil-common.tex
\pgfutil@everybye=\toks28
\pgfutil@tempdima=\dimen167
\pgfutil@tempdimb=\dimen168

(C:\Users\yaljazairi\AppData\Local\Programs\MiKTeX\tex/generic/pgf/utilities\pg
futil-common-lists.tex))
(C:\Users\yaljazairi\AppData\Local\Programs\MiKTeX\tex/generic/pgf/utilities\pg
futil-latex.def
\pgfutil@abb=\box55
)
(C:\Users\yaljazairi\AppData\Local\Programs\MiKTeX\tex/generic/pgf/utilities\pg
frcs.code.tex
(C:\Users\yaljazairi\AppData\Local\Programs\MiKTeX\tex/generic/pgf\pgf.revision
.tex)
Package: pgfrcs 2021/05/15 v3.1.9a (3.1.9a)
))
Package: pgf 2021/05/15 v3.1.9a (3.1.9a)

(C:\Users\yaljazairi\AppData\Local\Programs\MiKTeX\tex/latex/pgf/basiclayer\pgf
core.sty
(C:\Users\yaljazairi\AppData\Local\Programs\MiKTeX\tex/latex/graphics\graphicx.
sty
Package: graphicx 2021/09/16 v1.2d Enhanced LaTeX Graphics (DPC,SPQR)

(C:\Users\yaljazairi\AppData\Local\Programs\MiKTeX\tex/latex/graphics\graphics.
sty
Package: graphics 2021/03/04 v1.4d Standard LaTeX Graphics (DPC,SPQR)

(C:\Users\yaljazairi\AppData\Local\Programs\MiKTeX\tex/latex/graphics\trig.sty
Package: trig 2021/08/11 v1.11 sin cos tan (DPC)
)
(C:\Users\yaljazairi\AppData\Local\Programs\MiKTeX\tex/latex/graphics-cfg\graph
ics.cfg
File: graphics.cfg 2016/06/04 v1.11 sample graphics configuration
)
Package graphics Info: Driver file: pdftex.def on input line 107.
)
\Gin@req@height=\dimen169
\Gin@req@width=\dimen170
)
(C:\Users\yaljazairi\AppData\Local\Programs\MiKTeX\tex/latex/pgf/systemlayer\pg
fsys.sty
(C:\Users\yaljazairi\AppData\Local\Programs\MiKTeX\tex/generic/pgf/systemlayer\
pgfsys.code.tex
Package: pgfsys 2021/05/15 v3.1.9a (3.1.9a)

(C:\Users\yaljazairi\AppData\Local\Programs\MiKTeX\tex/generic/pgf/utilities\pg
fkeys.code.tex
\pgfkeys@pathtoks=\toks29
\pgfkeys@temptoks=\toks30

(C:\Users\yaljazairi\AppData\Local\Programs\MiKTeX\tex/generic/pgf/utilities\pg
fkeysfiltered.code.tex
\pgfkeys@tmptoks=\toks31
))
\pgf@x=\dimen171
\pgf@y=\dimen172
\pgf@xa=\dimen173
\pgf@ya=\dimen174
\pgf@xb=\dimen175
\pgf@yb=\dimen176
\pgf@xc=\dimen177
\pgf@yc=\dimen178
\pgf@xd=\dimen179
\pgf@yd=\dimen180
\w@pgf@writea=\write4
\r@pgf@reada=\read4
\c@pgf@counta=\count421
\c@pgf@countb=\count422
\c@pgf@countc=\count423
\c@pgf@countd=\count424
\t@pgf@toka=\toks32
\t@pgf@tokb=\toks33
\t@pgf@tokc=\toks34
\pgf@sys@id@count=\count425

(C:\Users\yaljazairi\AppData\Local\Programs\MiKTeX\tex/generic/pgf/systemlayer\
pgf.cfg
File: pgf.cfg 2021/05/15 v3.1.9a (3.1.9a)
)
Driver file for pgf: pgfsys-pdftex.def

(C:\Users\yaljazairi\AppData\Local\Programs\MiKTeX\tex/generic/pgf/systemlayer\
pgfsys-pdftex.def
File: pgfsys-pdftex.def 2021/05/15 v3.1.9a (3.1.9a)

(C:\Users\yaljazairi\AppData\Local\Programs\MiKTeX\tex/generic/pgf/systemlayer\
pgfsys-common-pdf.def
File: pgfsys-common-pdf.def 2021/05/15 v3.1.9a (3.1.9a)
)))
(C:\Users\yaljazairi\AppData\Local\Programs\MiKTeX\tex/generic/pgf/systemlayer\
pgfsyssoftpath.code.tex
File: pgfsyssoftpath.code.tex 2021/05/15 v3.1.9a (3.1.9a)
\pgfsyssoftpath@smallbuffer@items=\count426
\pgfsyssoftpath@bigbuffer@items=\count427
)
(C:\Users\yaljazairi\AppData\Local\Programs\MiKTeX\tex/generic/pgf/systemlayer\
pgfsysprotocol.code.tex
File: pgfsysprotocol.code.tex 2021/05/15 v3.1.9a (3.1.9a)
))
(C:\Users\yaljazairi\AppData\Local\Programs\MiKTeX\tex/generic/pgf/basiclayer\p
gfcore.code.tex
Package: pgfcore 2021/05/15 v3.1.9a (3.1.9a)

(C:\Users\yaljazairi\AppData\Local\Programs\MiKTeX\tex/generic/pgf/math\pgfmath
.code.tex
(C:\Users\yaljazairi\AppData\Local\Programs\MiKTeX\tex/generic/pgf/math\pgfmath
calc.code.tex
(C:\Users\yaljazairi\AppData\Local\Programs\MiKTeX\tex/generic/pgf/math\pgfmath
util.code.tex)
(C:\Users\yaljazairi\AppData\Local\Programs\MiKTeX\tex/generic/pgf/math\pgfmath
parser.code.tex
\pgfmath@dimen=\dimen181
\pgfmath@count=\count428
\pgfmath@box=\box56
\pgfmath@toks=\toks35
\pgfmath@stack@operand=\toks36
\pgfmath@stack@operation=\toks37
)
(C:\Users\yaljazairi\AppData\Local\Programs\MiKTeX\tex/generic/pgf/math\pgfmath
functions.code.tex
(C:\Users\yaljazairi\AppData\Local\Programs\MiKTeX\tex/generic/pgf/math\pgfmath
functions.basic.code.tex)
(C:\Users\yaljazairi\AppData\Local\Programs\MiKTeX\tex/generic/pgf/math\pgfmath
functions.trigonometric.code.tex)
(C:\Users\yaljazairi\AppData\Local\Programs\MiKTeX\tex/generic/pgf/math\pgfmath
functions.random.code.tex)
(C:\Users\yaljazairi\AppData\Local\Programs\MiKTeX\tex/generic/pgf/math\pgfmath
functions.comparison.code.tex)
(C:\Users\yaljazairi\AppData\Local\Programs\MiKTeX\tex/generic/pgf/math\pgfmath
functions.base.code.tex)
(C:\Users\yaljazairi\AppData\Local\Programs\MiKTeX\tex/generic/pgf/math\pgfmath
functions.round.code.tex)
(C:\Users\yaljazairi\AppData\Local\Programs\MiKTeX\tex/generic/pgf/math\pgfmath
functions.misc.code.tex)
(C:\Users\yaljazairi\AppData\Local\Programs\MiKTeX\tex/generic/pgf/math\pgfmath
functions.integerarithmetics.code.tex)))
(C:\Users\yaljazairi\AppData\Local\Programs\MiKTeX\tex/generic/pgf/math\pgfmath
float.code.tex
\c@pgfmathroundto@lastzeros=\count429
))
(C:\Users\yaljazairi\AppData\Local\Programs\MiKTeX\tex/generic/pgf/math\pgfint.
code.tex)
(C:\Users\yaljazairi\AppData\Local\Programs\MiKTeX\tex/generic/pgf/basiclayer\p
gfcorepoints.code.tex
File: pgfcorepoints.code.tex 2021/05/15 v3.1.9a (3.1.9a)
\pgf@picminx=\dimen182
\pgf@picmaxx=\dimen183
\pgf@picminy=\dimen184
\pgf@picmaxy=\dimen185
\pgf@pathminx=\dimen186
\pgf@pathmaxx=\dimen187
\pgf@pathminy=\dimen188
\pgf@pathmaxy=\dimen189
\pgf@xx=\dimen190
\pgf@xy=\dimen191
\pgf@yx=\dimen192
\pgf@yy=\dimen193
\pgf@zx=\dimen194
\pgf@zy=\dimen195
)
(C:\Users\yaljazairi\AppData\Local\Programs\MiKTeX\tex/generic/pgf/basiclayer\p
gfcorepathconstruct.code.tex
File: pgfcorepathconstruct.code.tex 2021/05/15 v3.1.9a (3.1.9a)
\pgf@path@lastx=\dimen196
\pgf@path@lasty=\dimen197
)
(C:\Users\yaljazairi\AppData\Local\Programs\MiKTeX\tex/generic/pgf/basiclayer\p
gfcorepathusage.code.tex
File: pgfcorepathusage.code.tex 2021/05/15 v3.1.9a (3.1.9a)
\pgf@shorten@end@additional=\dimen198
\pgf@shorten@start@additional=\dimen199
)
(C:\Users\yaljazairi\AppData\Local\Programs\MiKTeX\tex/generic/pgf/basiclayer\p
gfcorescopes.code.tex
File: pgfcorescopes.code.tex 2021/05/15 v3.1.9a (3.1.9a)
\pgfpic=\box57
\pgf@hbox=\box58
\pgf@layerbox@main=\box59
\pgf@picture@serial@count=\count430
)
(C:\Users\yaljazairi\AppData\Local\Programs\MiKTeX\tex/generic/pgf/basiclayer\p
gfcoregraphicstate.code.tex
File: pgfcoregraphicstate.code.tex 2021/05/15 v3.1.9a (3.1.9a)
\pgflinewidth=\dimen256
)
(C:\Users\yaljazairi\AppData\Local\Programs\MiKTeX\tex/generic/pgf/basiclayer\p
gfcoretransformations.code.tex
File: pgfcoretransformations.code.tex 2021/05/15 v3.1.9a (3.1.9a)
\pgf@pt@x=\dimen257
\pgf@pt@y=\dimen258
\pgf@pt@temp=\dimen259
)
(C:\Users\yaljazairi\AppData\Local\Programs\MiKTeX\tex/generic/pgf/basiclayer\p
gfcorequick.code.tex
File: pgfcorequick.code.tex 2021/05/15 v3.1.9a (3.1.9a)
)
(C:\Users\yaljazairi\AppData\Local\Programs\MiKTeX\tex/generic/pgf/basiclayer\p
gfcoreobjects.code.tex
File: pgfcoreobjects.code.tex 2021/05/15 v3.1.9a (3.1.9a)
)
(C:\Users\yaljazairi\AppData\Local\Programs\MiKTeX\tex/generic/pgf/basiclayer\p
gfcorepathprocessing.code.tex
File: pgfcorepathprocessing.code.tex 2021/05/15 v3.1.9a (3.1.9a)
)
(C:\Users\yaljazairi\AppData\Local\Programs\MiKTeX\tex/generic/pgf/basiclayer\p
gfcorearrows.code.tex
File: pgfcorearrows.code.tex 2021/05/15 v3.1.9a (3.1.9a)
\pgfarrowsep=\dimen260
)
(C:\Users\yaljazairi\AppData\Local\Programs\MiKTeX\tex/generic/pgf/basiclayer\p
gfcoreshade.code.tex
File: pgfcoreshade.code.tex 2021/05/15 v3.1.9a (3.1.9a)
\pgf@max=\dimen261
\pgf@sys@shading@range@num=\count431
\pgf@shadingcount=\count432
)
(C:\Users\yaljazairi\AppData\Local\Programs\MiKTeX\tex/generic/pgf/basiclayer\p
gfcoreimage.code.tex
File: pgfcoreimage.code.tex 2021/05/15 v3.1.9a (3.1.9a)

(C:\Users\yaljazairi\AppData\Local\Programs\MiKTeX\tex/generic/pgf/basiclayer\p
gfcoreexternal.code.tex
File: pgfcoreexternal.code.tex 2021/05/15 v3.1.9a (3.1.9a)
\pgfexternal@startupbox=\box60
))
(C:\Users\yaljazairi\AppData\Local\Programs\MiKTeX\tex/generic/pgf/basiclayer\p
gfcorelayers.code.tex
File: pgfcorelayers.code.tex 2021/05/15 v3.1.9a (3.1.9a)
)
(C:\Users\yaljazairi\AppData\Local\Programs\MiKTeX\tex/generic/pgf/basiclayer\p
gfcoretransparency.code.tex
File: pgfcoretransparency.code.tex 2021/05/15 v3.1.9a (3.1.9a)
)
(C:\Users\yaljazairi\AppData\Local\Programs\MiKTeX\tex/generic/pgf/basiclayer\p
gfcorepatterns.code.tex
File: pgfcorepatterns.code.tex 2021/05/15 v3.1.9a (3.1.9a)
)
(C:\Users\yaljazairi\AppData\Local\Programs\MiKTeX\tex/generic/pgf/basiclayer\p
gfcorerdf.code.tex
File: pgfcorerdf.code.tex 2021/05/15 v3.1.9a (3.1.9a)
)))
(C:\Users\yaljazairi\AppData\Local\Programs\MiKTeX\tex/generic/pgf/modules\pgfm
oduleshapes.code.tex
File: pgfmoduleshapes.code.tex 2021/05/15 v3.1.9a (3.1.9a)
\pgfnodeparttextbox=\box61
)
(C:\Users\yaljazairi\AppData\Local\Programs\MiKTeX\tex/generic/pgf/modules\pgfm
oduleplot.code.tex
File: pgfmoduleplot.code.tex 2021/05/15 v3.1.9a (3.1.9a)
)
(C:\Users\yaljazairi\AppData\Local\Programs\MiKTeX\tex/latex/pgf/compatibility\
pgfcomp-version-0-65.sty
Package: pgfcomp-version-0-65 2021/05/15 v3.1.9a (3.1.9a)
\pgf@nodesepstart=\dimen262
\pgf@nodesepend=\dimen263
)
(C:\Users\yaljazairi\AppData\Local\Programs\MiKTeX\tex/latex/pgf/compatibility\
pgfcomp-version-1-18.sty
Package: pgfcomp-version-1-18 2021/05/15 v3.1.9a (3.1.9a)
))
(C:\Users\yaljazairi\AppData\Local\Programs\MiKTeX\tex/latex/pgf/utilities\pgff
or.sty
(C:\Users\yaljazairi\AppData\Local\Programs\MiKTeX\tex/latex/pgf/utilities\pgfk
eys.sty
(C:\Users\yaljazairi\AppData\Local\Programs\MiKTeX\tex/generic/pgf/utilities\pg
fkeys.code.tex))
(C:\Users\yaljazairi\AppData\Local\Programs\MiKTeX\tex/latex/pgf/math\pgfmath.s
ty
(C:\Users\yaljazairi\AppData\Local\Programs\MiKTeX\tex/generic/pgf/math\pgfmath
.code.tex))
(C:\Users\yaljazairi\AppData\Local\Programs\MiKTeX\tex/generic/pgf/utilities\pg
ffor.code.tex
Package: pgffor 2021/05/15 v3.1.9a (3.1.9a)

(C:\Users\yaljazairi\AppData\Local\Programs\MiKTeX\tex/generic/pgf/math\pgfmath
.code.tex)
\pgffor@iter=\dimen264
\pgffor@skip=\dimen265
\pgffor@stack=\toks38
\pgffor@toks=\toks39
))
(C:\Users\yaljazairi\AppData\Local\Programs\MiKTeX\tex/generic/pgf/frontendlaye
r/tikz\tikz.code.tex
Package: tikz 2021/05/15 v3.1.9a (3.1.9a)

(C:\Users\yaljazairi\AppData\Local\Programs\MiKTeX\tex/generic/pgf/libraries\pg
flibraryplothandlers.code.tex
File: pgflibraryplothandlers.code.tex 2021/05/15 v3.1.9a (3.1.9a)
\pgf@plot@mark@count=\count433
\pgfplotmarksize=\dimen266
)
\tikz@lastx=\dimen267
\tikz@lasty=\dimen268
\tikz@lastxsaved=\dimen269
\tikz@lastysaved=\dimen270
\tikz@lastmovetox=\dimen271
\tikz@lastmovetoy=\dimen272
\tikzleveldistance=\dimen273
\tikzsiblingdistance=\dimen274
\tikz@figbox=\box62
\tikz@figbox@bg=\box63
\tikz@tempbox=\box64
\tikz@tempbox@bg=\box65
\tikztreelevel=\count434
\tikznumberofchildren=\count435
\tikznumberofcurrentchild=\count436
\tikz@fig@count=\count437

(C:\Users\yaljazairi\AppData\Local\Programs\MiKTeX\tex/generic/pgf/modules\pgfm
odulematrix.code.tex
File: pgfmodulematrix.code.tex 2021/05/15 v3.1.9a (3.1.9a)
\pgfmatrixcurrentrow=\count438
\pgfmatrixcurrentcolumn=\count439
\pgf@matrix@numberofcolumns=\count440
)
\tikz@expandcount=\count441

(C:\Users\yaljazairi\AppData\Local\Programs\MiKTeX\tex/generic/pgf/frontendlaye
r/tikz/libraries\tikzlibrarytopaths.code.tex
File: tikzlibrarytopaths.code.tex 2021/05/15 v3.1.9a (3.1.9a)
)))
(C:\Users\yaljazairi\AppData\Local\Programs\MiKTeX\tex/generic/pgf/frontendlaye
r/tikz/libraries\tikzlibrarypositioning.code.tex
File: tikzlibrarypositioning.code.tex 2021/05/15 v3.1.9a (3.1.9a)
)
(C:\Users\yaljazairi\AppData\Local\Programs\MiKTeX\tex/latex/tools\calc.sty
Package: calc 2017/05/25 v4.3 Infix arithmetic (KKT,FJ)
\calc@Acount=\count442
\calc@Bcount=\count443
\calc@Adimen=\dimen275
\calc@Bdimen=\dimen276
\calc@Askip=\skip91
\calc@Bskip=\skip92
LaTeX Info: Redefining \setlength on input line 80.
LaTeX Info: Redefining \addtolength on input line 81.
\calc@Ccount=\count444
\calc@Cskip=\skip93
)
\c@@todonotes@numberoftodonotes=\count445
)
\c@todocounter=\count446

(C:\Users\yaljazairi\AppData\Local\Programs\MiKTeX\tex/latex/blindtext\blindtex
t.sty
Package: blindtext 2012/01/06 V2.0 blindtext-Package
\c@blindtext=\count447
\c@Blindtext=\count448
\c@blind@countparstart=\count449
\blind@countxx=\count450
\blindtext@numBlindtext=\count451
\blind@countyy=\count452
\c@blindlist=\count453
\c@blindlistlevel=\count454
\c@blindlist@level=\count455
\blind@listitem=\count456
\c@blind@listcount=\count457
\c@blind@levelcount=\count458
\blind@mathformula=\count459
\blind@Mathformula=\count460
\c@blind@randomcount=\count461
\c@blind@randommax=\count462
\c@blind@pangramcount=\count463
\c@blind@pangrammax=\count464
)
(C:\Users\yaljazairi\AppData\Local\Programs\MiKTeX\tex/latex/tools\tabularx.sty
Package: tabularx 2020/01/15 v2.11c `tabularx' package (DPC)
(C:\Users\yaljazairi\AppData\Local\Programs\MiKTeX\tex/latex/tools\array.sty
Package: array 2021/10/04 v2.5f Tabular extension package (FMi)
\col@sep=\dimen277
\ar@mcellbox=\box66
\extrarowheight=\dimen278
\NC@list=\toks40
\extratabsurround=\skip94
\backup@length=\skip95
\ar@cellbox=\box67
)
\TX@col@width=\dimen279
\TX@old@table=\dimen280
\TX@old@col=\dimen281
\TX@target=\dimen282
\TX@delta=\dimen283
\TX@cols=\count465
\TX@ftn=\toks41
)
(C:\Users\yaljazairi\AppData\Local\Programs\MiKTeX\tex/latex/caption\caption.st
y
Package: caption 2020/10/26 v3.5g Customizing captions (AR)

(C:\Users\yaljazairi\AppData\Local\Programs\MiKTeX\tex/latex/caption\caption3.s
ty
Package: caption3 2020/10/21 v2.2e caption3 kernel (AR)
\captionmargin=\dimen284
\captionmargin@=\dimen285
\captionwidth=\dimen286
\caption@tempdima=\dimen287
\caption@indent=\dimen288
\caption@parindent=\dimen289
\caption@hangindent=\dimen290
Package caption Info: KOMA-Script document class detected.

(C:\Users\yaljazairi\AppData\Local\Programs\MiKTeX\tex/latex/caption\caption-ko
ma.sto
File: caption-koma.sto 2020/09/21 v2.0b Adaption of the caption package to the 
KOMA-Script document classes (AR)
))
\c@caption@flags=\count466
\c@continuedfloat=\count467
)
(C:\Users\yaljazairi\AppData\Local\Programs\MiKTeX\tex/latex/subfig\subfig.sty
Package: subfig 2005/06/28 ver: 1.3 subfig package
\c@KVtest=\count468
\sf@farskip=\skip96
\sf@captopadj=\dimen291
\sf@capskip=\skip97
\sf@nearskip=\skip98
\c@subfigure=\count469
\c@subfigure@save=\count470
\c@lofdepth=\count471
\c@subtable=\count472
\c@subtable@save=\count473
\c@lotdepth=\count474
\sf@top=\skip99
\sf@bottom=\skip100
)
(C:\Users\yaljazairi\AppData\Local\Programs\MiKTeX\tex/latex/wrapfig\wrapfig.st
y
\wrapoverhang=\dimen292
\WF@size=\dimen293
\c@WF@wrappedlines=\count475
\WF@box=\box68
\WF@everypar=\toks42
Package: wrapfig 2003/01/31  v 3.6
)
(C:\Users\yaljazairi\AppData\Local\Programs\MiKTeX\tex/latex/listings\listings.
sty
\lst@mode=\count476
\lst@gtempboxa=\box69
\lst@token=\toks43
\lst@length=\count477
\lst@currlwidth=\dimen294
\lst@column=\count478
\lst@pos=\count479
\lst@lostspace=\dimen295
\lst@width=\dimen296
\lst@newlines=\count480
\lst@lineno=\count481
\lst@maxwidth=\dimen297

(C:\Users\yaljazairi\AppData\Local\Programs\MiKTeX\tex/latex/listings\lstmisc.s
ty
File: lstmisc.sty 2020/03/24 1.8d (Carsten Heinz)
\c@lstnumber=\count482
\lst@skipnumbers=\count483
\lst@framebox=\box70
)
(C:\Users\yaljazairi\AppData\Local\Programs\MiKTeX\tex/latex/listings\listings.
cfg
File: listings.cfg 2020/03/24 1.8d listings configuration
))
Package scrhack Info: loading listings hack on input line 112.

(C:\Users\yaljazairi\AppData\Local\Programs\MiKTeX\tex/latex/koma-script\listin
gs.hak
File: listings.hak 2021/11/13 v3.35 KOMA-Script scrhack part (hacking package l
istings)
Package tocbasic Info: setting babel extension for `lol' on input line 143.
Package scrhack Info: redefining \lstlistoflistings on input line 143.
)
Package: listings 2020/03/24 1.8d (Carsten Heinz)

(C:\Users\yaljazairi\AppData\Local\Programs\MiKTeX\tex/latex/listings\lstlang1.
sty
File: lstlang1.sty 2020/03/24 1.8d listings language file
)
(C:\Users\yaljazairi\AppData\Local\Programs\MiKTeX\tex/latex/listings\lstlang2.
sty
File: lstlang2.sty 2020/03/24 1.8d listings language file
)
(C:\Users\yaljazairi\AppData\Local\Programs\MiKTeX\tex/latex/listings\lstlang3.
sty
File: lstlang3.sty 2020/03/24 1.8d listings language file
)
(C:\Users\yaljazairi\AppData\Local\Programs\MiKTeX\tex/latex/listings\lstlang1.
sty
File: lstlang1.sty 2020/03/24 1.8d listings language file
)
(C:\Users\yaljazairi\AppData\Local\Programs\MiKTeX\tex/latex/listings\lstlang2.
sty
File: lstlang2.sty 2020/03/24 1.8d listings language file
)
(C:\Users\yaljazairi\AppData\Local\Programs\MiKTeX\tex/latex/listings\lstlang3.
sty
File: lstlang3.sty 2020/03/24 1.8d listings language file
)
(C:\Users\yaljazairi\AppData\Local\Programs\MiKTeX\tex/latex/listings\lstlang1.
sty
File: lstlang1.sty 2020/03/24 1.8d listings language file
)
(C:\Users\yaljazairi\AppData\Local\Programs\MiKTeX\tex/latex/listings\lstlang2.
sty
File: lstlang2.sty 2020/03/24 1.8d listings language file
)
(C:\Users\yaljazairi\AppData\Local\Programs\MiKTeX\tex/latex/listings\lstlang3.
sty
File: lstlang3.sty 2020/03/24 1.8d listings language file
)
(C:\Users\yaljazairi\AppData\Local\Programs\MiKTeX\tex/latex/listings\lstmisc.s
ty
File: lstmisc.sty 2020/03/24 1.8d (Carsten Heinz)
)
Package scrhack Info: hyperref hack deactivated because of
(scrhack)             detection of KOMA-Script class, that doesn't
(scrhack)             need that hack, on input line 154.

(C:\Users\yaljazairi\AppData\Local\Programs\MiKTeX\tex/latex/hyperref\hyperref.
sty
Package: hyperref 2021-06-07 v7.00m Hypertext links for LaTeX

(C:\Users\yaljazairi\AppData\Local\Programs\MiKTeX\tex/generic/kvdefinekeys\kvd
efinekeys.sty
Package: kvdefinekeys 2019-12-19 v1.6 Define keys (HO)
)
(C:\Users\yaljazairi\AppData\Local\Programs\MiKTeX\tex/generic/pdfescape\pdfesc
ape.sty
Package: pdfescape 2019/12/09 v1.15 Implements pdfTeX's escape features (HO)
)
(C:\Users\yaljazairi\AppData\Local\Programs\MiKTeX\tex/latex/hycolor\hycolor.st
y
Package: hycolor 2020-01-27 v1.10 Color options for hyperref/bookmark (HO)
)
(C:\Users\yaljazairi\AppData\Local\Programs\MiKTeX\tex/latex/letltxmacro\letltx
macro.sty
Package: letltxmacro 2019/12/03 v1.6 Let assignment for LaTeX macros (HO)
)
(C:\Users\yaljazairi\AppData\Local\Programs\MiKTeX\tex/latex/auxhook\auxhook.st
y
Package: auxhook 2019-12-17 v1.6 Hooks for auxiliary files (HO)
)
\@linkdim=\dimen298
\Hy@linkcounter=\count484
\Hy@pagecounter=\count485

(C:\Users\yaljazairi\AppData\Local\Programs\MiKTeX\tex/latex/hyperref\pd1enc.de
f
File: pd1enc.def 2021-06-07 v7.00m Hyperref: PDFDocEncoding definition (HO)
Now handling font encoding PD1 ...
... no UTF-8 mapping file for font encoding PD1
)
(C:\Users\yaljazairi\AppData\Local\Programs\MiKTeX\tex/latex/hyperref\hyperref-
langpatches.def
File: hyperref-langpatches.def 2021-06-07 v7.00m Hyperref: patches for babel la
nguages
)
(C:\Users\yaljazairi\AppData\Local\Programs\MiKTeX\tex/generic/intcalc\intcalc.
sty
Package: intcalc 2019/12/15 v1.3 Expandable calculations with integers (HO)
)
(C:\Users\yaljazairi\AppData\Local\Programs\MiKTeX\tex/generic/etexcmds\etexcmd
s.sty
Package: etexcmds 2019/12/15 v1.7 Avoid name clashes with e-TeX commands (HO)
)
\Hy@SavedSpaceFactor=\count486

(C:\Users\yaljazairi\AppData\Local\Programs\MiKTeX\tex/latex/hyperref\puenc.def
File: puenc.def 2021-06-07 v7.00m Hyperref: PDF Unicode definition (HO)
Now handling font encoding PU ...
... no UTF-8 mapping file for font encoding PU
)
Package hyperref Info: Option `hyperfootnotes' set `false' on input line 4073.
Package hyperref Info: Hyper figures OFF on input line 4192.
Package hyperref Info: Link nesting OFF on input line 4197.
Package hyperref Info: Hyper index ON on input line 4200.
Package hyperref Info: Plain pages OFF on input line 4207.
Package hyperref Info: Backreferencing OFF on input line 4212.
Package hyperref Info: Implicit mode ON; LaTeX internals redefined.
Package hyperref Info: Bookmarks ON on input line 4445.
\c@Hy@tempcnt=\count487
LaTeX Info: Redefining \url on input line 4804.
\XeTeXLinkMargin=\dimen299

(C:\Users\yaljazairi\AppData\Local\Programs\MiKTeX\tex/generic/bitset\bitset.st
y
Package: bitset 2019/12/09 v1.3 Handle bit-vector datatype (HO)

(C:\Users\yaljazairi\AppData\Local\Programs\MiKTeX\tex/generic/bigintcalc\bigin
tcalc.sty
Package: bigintcalc 2019/12/15 v1.5 Expandable calculations on big integers (HO
)
))
\Fld@menulength=\count488
\Field@Width=\dimen300
\Fld@charsize=\dimen301
Package hyperref Info: Hyper figures OFF on input line 6076.
Package hyperref Info: Link nesting OFF on input line 6081.
Package hyperref Info: Hyper index ON on input line 6084.
Package hyperref Info: backreferencing OFF on input line 6091.
Package hyperref Info: Link coloring OFF on input line 6096.
Package hyperref Info: Link coloring with OCG OFF on input line 6101.
Package hyperref Info: PDF/A mode OFF on input line 6106.
LaTeX Info: Redefining \ref on input line 6146.
LaTeX Info: Redefining \pageref on input line 6150.

(C:\Users\yaljazairi\AppData\Local\Programs\MiKTeX\tex/latex/base\atbegshi-ltx.
sty
Package: atbegshi-ltx 2021/01/10 v1.0c Emulation of the original atbegshi
package with kernel methods
)
\Hy@abspage=\count489
\c@Item=\count490
)
Package hyperref Info: Driver: hpdftex.

(C:\Users\yaljazairi\AppData\Local\Programs\MiKTeX\tex/latex/hyperref\hpdftex.d
ef
File: hpdftex.def 2021-06-07 v7.00m Hyperref driver for pdfTeX

(C:\Users\yaljazairi\AppData\Local\Programs\MiKTeX\tex/latex/base\atveryend-ltx
.sty
Package: atveryend-ltx 2020/08/19 v1.0a Emulation of the original atveryend pac
kage
with kernel methods
)
\Fld@listcount=\count491
\c@bookmark@seq@number=\count492

(C:\Users\yaljazairi\AppData\Local\Programs\MiKTeX\tex/latex/rerunfilecheck\rer
unfilecheck.sty
Package: rerunfilecheck 2019/12/05 v1.9 Rerun checks for auxiliary files (HO)

(C:\Users\yaljazairi\AppData\Local\Programs\MiKTeX\tex/generic/uniquecounter\un
iquecounter.sty
Package: uniquecounter 2019/12/15 v1.4 Provide unlimited unique counter (HO)
)
Package uniquecounter Info: New unique counter `rerunfilecheck' on input line 2
86.
)
\Hy@SectionHShift=\skip101
)
Package hyperref Info: Option `colorlinks' set `true' on input line 180.
Package hyperref Info: Option `linktocpage' set `false' on input line 180.
Package hyperref Info: Option `colorlinks' set `false' on input line 180.
Package hyperref Info: Option `breaklinks' set `true' on input line 180.
Package hyperref Info: Option `pageanchor' set `true' on input line 180.
Package hyperref Info: Option `plainpages' set `false' on input line 180.
Package hyperref Info: Option `bookmarksnumbered' set `true' on input line 180.

Package hyperref Info: Option `bookmarksopen' set `true' on input line 180.
Package hyperref Info: Option `hypertexnames' set `true' on input line 180.


Package hyperref Warning: Token not allowed in a PDF string (Unicode):
(hyperref)                removing `\\' on input line 180.


Package hyperref Warning: Token not allowed in a PDF string (Unicode):
(hyperref)                removing `\\' on input line 180.

(C:\Users\yaljazairi\AppData\Local\Programs\MiKTeX\tex/latex/nag\nag.sty
Package: nag 2011/11/25 0.7 warning about old commands (ulmi)
\c@nag@c=\count493
\c@nag@sins=\count494
Package nag Info: Loaded nag-l2tabu.cfg  on input line 552.

(C:\Users\yaljazairi\AppData\Local\Programs\MiKTeX\tex/latex/nag\nag-l2tabu.cfg
File: nag-l2tabu.cfg 2010/05/17 v2.11 l2tabu rules for nag.sty (ulmi)
)
Package nag Info: Loaded nag-orthodox.cfg  on input line 552.

(C:\Users\yaljazairi\AppData\Local\Programs\MiKTeX\tex/latex/nag\nag-orthodox.c
fg
File: nag-orthodox.cfg 2006/04/19 v1.8 strict rules for nag.sty (ulmi)
)
Package nag Info: Loaded nag-abort.cfg  on input line 552.

(C:\Users\yaljazairi\AppData\Local\Programs\MiKTeX\tex/latex/nag\nag-abort.cfg
File: nag-abort.cfg 2007/11/10 v0.2 treat complaints as errors (ulmi)
LaTeX Info: Redefining \nag@warn on input line 24.
LaTeX Info: Redefining \nag@warnNoLine on input line 28.
))
(C:\Users\yaljazairi\AppData\Local\Programs\MiKTeX\tex/latex/enumitem\enumitem.
sty
Package: enumitem 2019/06/20 v3.9 Customized lists
\labelindent=\skip102
\enit@outerparindent=\dimen302
\enit@toks=\toks44
\enit@inbox=\box71
\enit@count@id=\count495
\enitdp@description=\count496
)
(C:\Users\yaljazairi\AppData\Local\Programs\MiKTeX\tex/latex/microtype\microtyp
e.sty
Package: microtype 2021/12/10 v3.0b Micro-typographical refinements (RS)
\MT@toks=\toks45
\MT@count=\count497
\MT@tempbox=\box72
LaTeX Info: Redefining \leftprotrusion on input line 1010.
LaTeX Info: Redefining \rightprotrusion on input line 1018.
LaTeX Info: Redefining \textls on input line 1173.
\MT@outer@kern=\dimen303
LaTeX Info: Redefining \textmicrotypecontext on input line 1759.
\MT@listname@count=\count498

(C:\Users\yaljazairi\AppData\Local\Programs\MiKTeX\tex/latex/microtype\microtyp
e-pdftex.def
File: microtype-pdftex.def 2021/12/10 v3.0b Definitions specific to pdftex (RS)

LaTeX Info: Redefining \lsstyle on input line 897.
LaTeX Info: Redefining \lslig on input line 897.
\MT@outer@space=\skip103
)
Package microtype Info: Loading configuration file microtype.cfg.

(C:\Users\yaljazairi\AppData\Local\Programs\MiKTeX\tex/latex/microtype\microtyp
e.cfg
File: microtype.cfg 2021/12/10 v3.0b microtype main configuration file (RS)
))
(C:\Users\yaljazairi\AppData\Local\Programs\MiKTeX\tex/latex/psnfss\mathpazo.st
y
Package: mathpazo 2020/03/25 PSNFSS-v9.3 Palatino w/ Pazo Math (D.Puga, WaS) 
\symupright=\mathgroup4
))
Package csquotes Info: Checking for multilingual support...
Package csquotes Info: ... found 'babel' package.
Package csquotes Info: Adjusting default style.
Package csquotes Info: Redefining alias 'default' -> 'ngerman'.
LaTeX Font Info:    Trying to load font information for T1+ppl on input line 29
.

(C:\Users\yaljazairi\AppData\Local\Programs\MiKTeX\tex/latex/psnfss\t1ppl.fd
File: t1ppl.fd 2001/06/04 font definitions for T1/ppl.
)
(00_htwsaar-i-mst-vorlage.aux (FrontBackmatter/Titlepage.aux)
(FrontBackmatter/Declaration.aux) (FrontBackmatter/Abstract.aux)
(FrontBackmatter/Contents.aux) (02_chapters.aux)
(FrontBackmatter/Bibliography.aux) (FrontBackmatter/ListOfs.aux)
(FrontBackmatter/Abbreviations.aux))
\openout1 = `00_htwsaar-i-mst-vorlage.aux'.

LaTeX Font Info:    Checking defaults for OML/cmm/m/it on input line 29.
LaTeX Font Info:    ... okay on input line 29.
LaTeX Font Info:    Checking defaults for OMS/cmsy/m/n on input line 29.
LaTeX Font Info:    ... okay on input line 29.
LaTeX Font Info:    Checking defaults for OT1/cmr/m/n on input line 29.
LaTeX Font Info:    ... okay on input line 29.
LaTeX Font Info:    Checking defaults for T1/cmr/m/n on input line 29.
LaTeX Font Info:    ... okay on input line 29.
LaTeX Font Info:    Checking defaults for TS1/cmr/m/n on input line 29.
LaTeX Font Info:    ... okay on input line 29.
LaTeX Font Info:    Checking defaults for OMX/cmex/m/n on input line 29.
LaTeX Font Info:    ... okay on input line 29.
LaTeX Font Info:    Checking defaults for U/cmr/m/n on input line 29.
LaTeX Font Info:    ... okay on input line 29.
LaTeX Font Info:    Checking defaults for PD1/pdf/m/n on input line 29.
LaTeX Font Info:    ... okay on input line 29.
LaTeX Font Info:    Checking defaults for PU/pdf/m/n on input line 29.
LaTeX Font Info:    ... okay on input line 29.
Package biblatex Info: Trying to load language 'ngerman'...
Package biblatex Info: ... file 'ngerman.lbx' found.

(C:\Users\yaljazairi\AppData\Local\Programs\MiKTeX\tex/latex/biblatex/lbx\ngerm
an.lbx
File: ngerman.lbx 2020/12/31 v3.16 biblatex localization (PK/MW)
Package biblatex Info: Trying to load language 'german'...
Package biblatex Info: ... file 'german.lbx' found.

(C:\Users\yaljazairi\AppData\Local\Programs\MiKTeX\tex/latex/biblatex/lbx\germa
n.lbx
File: german.lbx 2020/12/31 v3.16 biblatex localization (PK/MW)
)
Package biblatex Info: Trying to load language 'german'...
Package biblatex Info: ... file 'german.lbx' found.

(C:\Users\yaljazairi\AppData\Local\Programs\MiKTeX\tex/latex/biblatex/lbx\germa
n.lbx
File: german.lbx 2020/12/31 v3.16 biblatex localization (PK/MW)
))
Package biblatex Info: Input encoding 'utf8' detected.
Package biblatex Info: Data encoding 'ascii' specified.
(biblatex)             No need to reencode data.
Package biblatex Info: Input encoding 'utf8' specified.
Package biblatex Info: Data encoding 'ascii' specified.
(biblatex)             No need to reencode data.
Package biblatex Info: Document encoding is UTF8 ....
Package biblatex Info: ... and expl3
(biblatex)             2022-01-21 L3 programming layer (loader) 
(biblatex)             is new enough (at least 2020/04/06),
(biblatex)             setting 'casechanger=expl3'.

(C:\Users\yaljazairi\AppData\Local\Programs\MiKTeX\tex/latex/biblatex\blx-case-
expl3.sty
Package: blx-case-expl3 2020/12/31 v3.16 expl3 case changing code for biblatex
)
\openout3 = `00_htwsaar-i-mst-vorlage-blx.bib'.

Package biblatex Info: Trying to load bibliographic data...
Package biblatex Info: ... file '00_htwsaar-i-mst-vorlage.bbl' found.
 (00_htwsaar-i-mst-vorlage.bbl)
Package biblatex Info: Reference section=0 on input line 29.
Package biblatex Info: Reference segment=0 on input line 29.

(C:\Users\yaljazairi\AppData\Local\Programs\MiKTeX\tex/context/base/mkii\supp-p
df.mkii
[Loading MPS to PDF converter (version 2006.09.02).]
\scratchcounter=\count499
\scratchdimen=\dimen304
\scratchbox=\box73
\nofMPsegments=\count500
\nofMParguments=\count501
\everyMPshowfont=\toks46
\MPscratchCnt=\count502
\MPscratchDim=\dimen305
\MPnumerator=\count503
\makeMPintoPDFobject=\count504
\everyMPtoPDFconversion=\toks47
)
(C:\Users\yaljazairi\AppData\Local\Programs\MiKTeX\tex/latex/epstopdf-pkg\epsto
pdf-base.sty
Package: epstopdf-base 2020-01-24 v2.11 Base part for package epstopdf
Package epstopdf-base Info: Redefining graphics rule for `.eps' on input line 4
85.

(C:\Users\yaljazairi\AppData\Local\Programs\MiKTeX\tex/latex/00miktex\epstopdf-
sys.cfg
File: epstopdf-sys.cfg 2021/03/18 v2.0 Configuration of epstopdf for MiKTeX
))
Package caption Info: Begin \AtBeginDocument code.
Package caption Info: subfig package v1.3 is loaded.
Package caption Info: hyperref package is loaded.
Package caption Info: listings package is loaded.
Package caption Info: wrapfig package is loaded.
Package caption Info: End \AtBeginDocument code.
\c@lstlisting=\count505
Package scrhack Info: undefining \float@addtolists on input line 29.
Package hyperref Info: Link coloring OFF on input line 29.

(C:\Users\yaljazairi\AppData\Local\Programs\MiKTeX\tex/latex/hyperref\nameref.s
ty
Package: nameref 2021-04-02 v2.47 Cross-referencing by name of section

(C:\Users\yaljazairi\AppData\Local\Programs\MiKTeX\tex/latex/refcount\refcount.
sty
Package: refcount 2019/12/15 v3.6 Data extraction from label references (HO)
)
(C:\Users\yaljazairi\AppData\Local\Programs\MiKTeX\tex/generic/gettitlestring\g
ettitlestring.sty
Package: gettitlestring 2019/12/15 v1.6 Cleanup title references (HO)
)
\c@section@level=\count506
)
LaTeX Info: Redefining \ref on input line 29.
LaTeX Info: Redefining \pageref on input line 29.
LaTeX Info: Redefining \nameref on input line 29.
 (00_htwsaar-i-mst-vorlage.out)
(00_htwsaar-i-mst-vorlage.out)
\@outlinefile=\write5
\openout5 = `00_htwsaar-i-mst-vorlage.out'.

Class scrreprt Info: loading recommended package `bookmark'.
(scrreprt)           Using `bookmark' together with `hyperref' is recommended,
(scrreprt)           because of handling of possible bookmark level gaps.
(scrreprt)           You can avoid loading `bookmark' with KOMA-Script option
(scrreprt)           `bookmarkpackage=false' before \begin{document} and
(scrreprt)           you can avoid this message adding:
(scrreprt)             \usepackage{bookmark}
(scrreprt)           before \begin{document} on input line 29.

(C:\Users\yaljazairi\AppData\Local\Programs\MiKTeX\tex/latex/bookmark\bookmark.
sty
Package: bookmark 2020-11-06 v1.29 PDF bookmarks (HO)

(C:\Users\yaljazairi\AppData\Local\Programs\MiKTeX\tex/latex/bookmark\bkm-pdfte
x.def
File: bkm-pdftex.def 2020-11-06 v1.29 bookmark driver for pdfTeX (HO)
\BKM@id=\count507
))
Package nag Info: Attempting subfig hack.
Package nag Info: OK, equivalent to subfig 1.3, redefining \sf@@@subfloat.
Package nag Info: pgf.sty is broken: disabling dollar check on input line 29.
Package nag Info: Command \frontmatter not defined, skipping amendment on input
 line 29.
Package nag Info: Command \mainmatter not defined, skipping amendment on input 
line 29.
Package nag Info: Command \backmatter not defined, skipping amendment on input 
line 29.
Package nag Info: Command \RaggedLeft not defined, skipping amendment on input 
line 29.
Package nag Info: Command \RaggedRight not defined, skipping amendment on input
 line 29.
LaTeX Info: Redefining \microtypecontext on input line 29.
Package microtype Info: Applying patch `item' on input line 29.
Package microtype Info: Applying patch `toc' on input line 29.
Package microtype Info: Applying patch `eqnum' on input line 29.
Package microtype Info: Applying patch `footnote' on input line 29.
Package microtype Info: Generating PDF output.
Package microtype Info: Character protrusion enabled (level 2),
(microtype)             factor: 1100.
Package microtype Info: Using default protrusion set `alltext'.
Package microtype Info: Automatic font expansion enabled (level 2),
(microtype)             stretch: 10, shrink: 10, step: 1, non-selected.
Package microtype Info: Using default expansion set `alltext-nott'.
LaTeX Info: Redefining \showhyphens on input line 29.
Package microtype Info: Tracking enabled.
Package microtype Info: Using default tracking set `smallcaps'.
Package microtype Info: Adjustment of interword spacing enabled.
Package microtype Info: Using default spacing set `alltext-nott'.
Package microtype Info: Adjustment of character kerning enabled.
Package microtype Info: Using default kerning set `alltext'.

(C:\Users\yaljazairi\AppData\Local\Programs\MiKTeX\tex/latex/microtype\mt-ppl.c
fg
File: mt-ppl.cfg 2005/11/16 v1.6 microtype config. file: Palatino (RS)
)
Package nag Info: Command \hc@caption not defined, skipping amendment on input 
line 29.
Package nag Info: Command \topcaption not defined, skipping amendment on input 
line 29.
\openout2 = `FrontBackmatter/Titlepage.aux'.

 (FrontBackmatter/Titlepage.tex
<Graphics/erl_titel_header.pdf, id=6, 415.5525pt x 64.24pt>
File: Graphics/erl_titel_header.pdf Graphic file (type pdf)
<use Graphics/erl_titel_header.pdf>
Package pdftex.def Info: Graphics/erl_titel_header.pdf  used on input line 6.
(pdftex.def)             Requested size: 415.55148pt x 64.23984pt.
 [1




{C:/Users/yaljazairi/AppData/Local/MiKTeX/fonts/map/pdftex/pdftex.map} <./Graph
ics/erl_titel_header.pdf>]) [2




]
\openout2 = `FrontBackmatter/Declaration.aux'.


(FrontBackmatter/Declaration.tex
LaTeX Font Info:    Trying to load font information for OT1+ppl on input line 2
4.

(C:\Users\yaljazairi\AppData\Local\Programs\MiKTeX\tex/latex/psnfss\ot1ppl.fd
File: ot1ppl.fd 2001/06/04 font definitions for OT1/ppl.
)
LaTeX Font Info:    Trying to load font information for OML+zplm on input line 
24.

(C:\Users\yaljazairi\AppData\Local\Programs\MiKTeX\tex/latex/psnfss\omlzplm.fd
File: omlzplm.fd 2002/09/08 Fontinst v1.914 font definitions for OML/zplm.
)
LaTeX Font Info:    Trying to load font information for OMS+zplm on input line 
24.
(C:\Users\yaljazairi\AppData\Local\Programs\MiKTeX\tex/latex/psnfss\omszplm.fd
File: omszplm.fd 2002/09/08 Fontinst v1.914 font definitions for OMS/zplm.
)
LaTeX Font Info:    Trying to load font information for OMX+zplm on input line 
24.
(C:\Users\yaljazairi\AppData\Local\Programs\MiKTeX\tex/latex/psnfss\omxzplm.fd
File: omxzplm.fd 2002/09/08 Fontinst v1.914 font definitions for OMX/zplm.
)
LaTeX Font Info:    Trying to load font information for OT1+zplm on input line 
24.
(C:\Users\yaljazairi\AppData\Local\Programs\MiKTeX\tex/latex/psnfss\ot1zplm.fd
File: ot1zplm.fd 2002/09/08 Fontinst v1.914 font definitions for OT1/zplm.
)
Package microtype Info: Loading generic protrusion settings for font family
(microtype)             `zplm' (encoding: OT1).
(microtype)             For optimal results, create family-specific settings.
(microtype)             See the microtype manual for details.
) [3



] [4




]
\openout2 = `FrontBackmatter/Abstract.aux'.

 (FrontBackmatter/Abstract.tex
LaTeX Font Info:    Trying to load font information for T1+cmtt on input line 8
.

(C:\Users\yaljazairi\AppData\Local\Programs\MiKTeX\tex/latex/base\t1cmtt.fd
File: t1cmtt.fd 2019/12/16 v2.5j Standard LaTeX font definitions
)
Package microtype Info: Loading generic protrusion settings for font family
(microtype)             `cmtt' (encoding: T1).
(microtype)             For optimal results, create family-specific settings.
(microtype)             See the microtype manual for details.
)
[5



] [6




]
\openout2 = `FrontBackmatter/Contents.aux'.

 (FrontBackmatter/Contents.tex
Package tocbasic Info: character protrusion at toc deactivated on input line 8.

 (00_htwsaar-i-mst-vorlage.toc [7



])
\tf@toc=\write6
\openout6 = `00_htwsaar-i-mst-vorlage.toc'.

)
[8]
\openout2 = `02_chapters.aux'.

 (02_chapters.tex (Chapters/Einleitung.tex
chapter 1.
)
Overfull \hbox (0.40813pt too wide) in paragraph at lines 12--2
\T1/ppl/m/n/12 (-10) ins-be-son-de-re die Me-tho-de Con-ti-nuous In-te-gra-ti-o
n, De-li-ve-ry and De-ploy-ment (CICD)
 []

[1









] [2] (Chapters/Grundlagen/Grundlagen.tex
chapter 2.
) [3




] [4


] (Chapters/Release-Management-Methoden/Methoden.tex
chapter 3.
) [5


] [6


] (Chapters/Release-Management-Methoden/CICD.tex
chapter 4.
LaTeX Font Info:    Trying to load font information for TS1+ppl on input line 1
0.
(C:\Users\yaljazairi\AppData\Local\Programs\MiKTeX\tex/latex/psnfss\ts1ppl.fd
File: ts1ppl.fd 2001/06/04 font definitions for TS1/ppl.
)
[7


] [8]
<Graphics/The-relationship-between-CI_CD.png, id=195, 2080.77374pt x 581.17125p
t>
File: Graphics/The-relationship-between-CI_CD.png Graphic file (type png)
<use Graphics/The-relationship-between-CI_CD.png>
Package pdftex.def Info: Graphics/The-relationship-between-CI_CD.png  used on i
nput line 28.
(pdftex.def)             Requested size: 396.91325pt x 110.85822pt.
 [9] [10 <./Graphics/The-relationship-between-CI_CD.png>] [11]
(Listings/concourse-pipeline.yml)
<Graphics/concourse-ci-job-success.png, id=234, 913.4125pt x 387.4475pt>
File: Graphics/concourse-ci-job-success.png Graphic file (type png)
<use Graphics/concourse-ci-job-success.png>
Package pdftex.def Info: Graphics/concourse-ci-job-success.png  used on input l
ine 65.
(pdftex.def)             Requested size: 396.91325pt x 168.36093pt.
 [12 <./Graphics/concourse-ci-job-success.png>]
Overfull \hbox (13.03212pt too wide) in paragraph at lines 79--80
[]\T1/ppl/b/n/12 (-10) Auftrge (engl. Jobs): \T1/ppl/m/n/12 (-10) Ein Auf-trag
 in Git-Lab wird oft als "Build-Schritt"bezeichnet,
 []

[13] (Listings/gitlab-pipeline.yml)
<Graphics/GitLab-passed_pipeline.png, id=266, 886.31125pt x 189.70876pt>
File: Graphics/GitLab-passed_pipeline.png Graphic file (type png)
<use Graphics/GitLab-passed_pipeline.png>
Package pdftex.def Info: Graphics/GitLab-passed_pipeline.png  used on input lin
e 98.
(pdftex.def)             Requested size: 396.91325pt x 84.95709pt.
 [14 <./Graphics/GitLab-passed_pipeline.png>]
<Graphics/GitLab-helloWorld_pipeline.png, id=278, 463.7325pt x 413.545pt>
File: Graphics/GitLab-helloWorld_pipeline.png Graphic file (type png)
<use Graphics/GitLab-helloWorld_pipeline.png>
Package pdftex.def Info: Graphics/GitLab-helloWorld_pipeline.png  used on input
 line 108.
(pdftex.def)             Requested size: 308.71106pt x 275.30685pt.
 [15 <./Graphics/GitLab-helloWorld_pipeline.png>]
<Graphics/GitLab-pipeline-job-build.png, id=287, 770.88pt x 564.1075pt>
File: Graphics/GitLab-pipeline-job-build.png Graphic file (type png)
<use Graphics/GitLab-pipeline-job-build.png>
Package pdftex.def Info: Graphics/GitLab-pipeline-job-build.png  used on input 
line 118.
(pdftex.def)             Requested size: 396.91325pt x 290.44543pt.
 [16 <./Graphics/GitLab-pipeline-job-build.png>]) [17] [18


] (Chapters/FallStudie/Projektbeschreibung.tex
chapter 5.
(Chapters/FallStudie/Anforderungen.tex
Overfull \hbox (7.0377pt too wide) in paragraph at lines 14--47
[]  
 []


LaTeX Warning: `!h' float specifier changed to `!ht'.

) (Chapters/FallStudie/Konzeption.tex)
(Chapters/FallStudie/Entwicklungsvorgang.tex)
(Chapters/FallStudie/Implementierung.tex)
(Chapters/FallStudie/Aufbau-umgebung.tex)
(Chapters/FallStudie/Implementierung-Release-Management.tex)) [19


] [20]
[21] [22


] (Chapters/Evaluation.tex
chapter 6.
) [23


] [24


] (Chapters/Zusammenfassung.tex
chapter 7.
)) [25


] [26




]
\openout2 = `FrontBackmatter/Bibliography.aux'.

 (FrontBackmatter/Bibliography.tex)
chapter without number

Overfull \hbox (19.2627pt too wide) in paragraph at lines 57--57
\T1/cmtt/m/n/12 continuous -[] integration -[] vs -[] delivery -[] vs -[] deplo
yment$[] \T1/ppl/m/n/12 (-10) (be-sucht am 02.12.2021). 
 []


Overfull \hbox (7.37251pt too wide) in paragraph at lines 57--57
[]\T1/ppl/m/n/12 (-10) CircleCI. \T1/ppl/m/it/12 (-10) No-ti-fi-ca-ti-ons\T1/pp
l/m/n/12 (-10) . \T1/ppl/m/sc/12/100ls (-10) url\T1/ppl/m/n/12 (-10) : []$\T1/c
mtt/m/n/12 https : / / circleci . com / docs / 2 . 0 / notifications/$[]
 []


Overfull \hbox (19.787pt too wide) in paragraph at lines 57--57
[]\T1/ppl/m/n/12 (-10) CircleCI. \T1/ppl/m/it/12 (-10) Pri-cing\T1/ppl/m/n/12 (
-10) . \T1/ppl/m/sc/12/100ls (-10) url\T1/ppl/m/n/12 (-10) : []$\T1/cmtt/m/n/12
 https : / / circleci . com / pricing/$[] \T1/ppl/m/n/12 (-10) (be-sucht am 20.
11.2021). 
 []


Overfull \hbox (10.72585pt too wide) in paragraph at lines 57--57
[]\T1/ppl/m/n/12 (-10) ConcourseCI. \T1/ppl/m/it/12 (-10) git-resource\T1/ppl/m
/n/12 (-10) . \T1/ppl/m/sc/12/100ls (-10) url\T1/ppl/m/n/12 (-10) : []$\T1/cmtt
/m/n/12 https : / / github . com / concourse / git -[] resource$[]
 []

[27



]
Overfull \hbox (7.32912pt too wide) in paragraph at lines 57--57
[]\T1/ppl/m/n/12 (-10) GitLab. \T1/ppl/m/it/12 (-10) About Pa-ge\T1/ppl/m/n/12 
(-10) . \T1/ppl/m/sc/12/100ls (-10) url\T1/ppl/m/n/12 (-10) : []$\T1/cmtt/m/n/1
2 https : / / about . gitlab . com/$[] \T1/ppl/m/n/12 (-10) (be-sucht am 06.11.
2021). 
 []


Overfull \hbox (2.91951pt too wide) in paragraph at lines 57--57
[]\T1/ppl/m/n/12 (-10) Jenkins. \T1/ppl/m/it/12 (-10) Pi-pe-li-nes\T1/ppl/m/n/1
2 (-10) . \T1/ppl/m/sc/12/100ls (-10) url\T1/ppl/m/n/12 (-10) : []$\T1/cmtt/m/n
/12 https : / / www . jenkins . io / doc / tutorials / #pipeline/$[]
 []


Overfull \hbox (1.1036pt too wide) in paragraph at lines 57--57
[]\T1/ppl/m/n/12 (-10) David Far-ley Jez Hum-ble. \T1/ppl/m/it/12 (-10) Con-ti-
nuous De-li-ve-ry: Re-lia-ble Soft-wa-re Re-lea-ses Through
 []


Overfull \hbox (152.16615pt too wide) in paragraph at lines 57--57
\T1/cmtt/m/n/12 UsnQUSEAAAAA : 6AOfd8J5Sw7RSixp5 _ BZFuWCC4O5q2Ff84BNgx9mGGNUw4
A _ Lg2ib2FNFbzWbBGJvuVGu3DTToUrDA$[]
 []


Overfull \hbox (17.90816pt too wide) in paragraph at lines 57--57
[]\T1/ppl/m/n/12 (-10) Liming Zhu Mo-jta-ba Sha-hin Mu-hammad Ali Ba-bar. \T1/p
pl/m/it/12 (-10) Con-ti-nuous In-te-gra-ti-on,Delivery
 []

[28]
\openout2 = `FrontBackmatter/ListOfs.aux'.

 (FrontBackmatter/ListOfs.tex
Package tocbasic Info: character protrusion at lof deactivated on input line 8.

 (00_htwsaar-i-mst-vorlage.lof)
\tf@lof=\write7
\openout7 = `00_htwsaar-i-mst-vorlage.lof'.

Package tocbasic Info: character protrusion at lot deactivated on input line 9.


(00_htwsaar-i-mst-vorlage.lot)
\tf@lot=\write8
\openout8 = `00_htwsaar-i-mst-vorlage.lot'.

Package tocbasic Info: character protrusion at lol deactivated on input line 11
.
 (00_htwsaar-i-mst-vorlage.lol)
\tf@lol=\write9
\openout9 = `00_htwsaar-i-mst-vorlage.lol'.

) [29







]
\openout2 = `FrontBackmatter/Abbreviations.aux'.


(FrontBackmatter/Abbreviations.tex [30





]) [31] [32




] [33] [34]
No complaints by nag.
(00_htwsaar-i-mst-vorlage.aux (FrontBackmatter/Titlepage.aux)
(FrontBackmatter/Declaration.aux) (FrontBackmatter/Abstract.aux)
(FrontBackmatter/Contents.aux) (02_chapters.aux)
(FrontBackmatter/Bibliography.aux) (FrontBackmatter/ListOfs.aux)
(FrontBackmatter/Abbreviations.aux))
Package rerunfilecheck Info: File `00_htwsaar-i-mst-vorlage.out' has not change
d.
(rerunfilecheck)             Checksum: D41D8CD98F00B204E9800998ECF8427E;0.
Package logreq Info: Writing requests to '00_htwsaar-i-mst-vorlage.run.xml'.
\openout1 = `00_htwsaar-i-mst-vorlage.run.xml'.

 ) 
Here is how much of TeX's memory you used:
 43165 strings out of 478555
 863351 string characters out of 2840464
 1738943 words of memory out of 3000000
 60171 multiletter control sequences out of 15000+600000
 518053 words of font info for 237 fonts, out of 8000000 for 9000
 1143 hyphenation exceptions out of 8191
 130i,20n,125p,10621b,3282s stack positions out of 5000i,500n,10000p,200000b,80000s
{C:/Users/yaljazairi/AppData/Local/Programs/MiKTeX/fonts/enc/dvips/cm-super/c
m-super-t1.enc}{C:/Users/yaljazairi/AppData/Local/Programs/MiKTeX/fonts/enc/dvi
ps/base/8r.enc}<C:/Users/yaljazairi/AppData/Local/Programs/MiKTeX/fonts/type1/p
ublic/amsfonts/latxfont/lcircle1.pfb><C:/Users/yaljazairi/AppData/Local/Program
s/MiKTeX/fonts/type1/public/cm-super/sftt1095.pfb><C:/Users/yaljazairi/AppData/
Local/Programs/MiKTeX/fonts/type1/public/cm-super/sftt1200.pfb><C:/Users/yaljaz
airi/AppData/Local/Programs/MiKTeX/fonts/type1/urw/palatino/uplb8a.pfb><C:/User
s/yaljazairi/AppData/Local/Programs/MiKTeX/fonts/type1/urw/palatino/uplr8a.pfb>
<C:/Users/yaljazairi/AppData/Local/Programs/MiKTeX/fonts/type1/urw/palatino/upl
ri8a.pfb>
Output written on 00_htwsaar-i-mst-vorlage.pdf (42 pages, 731061 bytes).
PDF statistics:
 601 PDF objects out of 1000 (max. 8388607)
 140 named destinations out of 1000 (max. 500000)
 79179 words of extra memory for PDF output out of 89155 (max. 10000000)

